ScenePlayer/build/outputs/logs/manifest-merger-debug-report.txt
-- Merging decision tree log ---
manifest
ADDED from XUL5\ScenePlayer\AndroidManifest.xml:2:1-62:12
	package
		ADDED from XUL5\ScenePlayer\AndroidManifest.xml:3:5-42
	android:versionName
		INJECTED from XUL5\ScenePlayer\AndroidManifest.xml
		INJECTED from XUL5\ScenePlayer\AndroidManifest.xml
	xmlns:android
		ADDED from XUL5\ScenePlayer\AndroidManifest.xml:2:11-69
	android:versionCode
		INJECTED from XUL5\ScenePlayer\AndroidManifest.xml
		INJECTED from XUL5\ScenePlayer\AndroidManifest.xml
uses-permission#android.permission.ACCESS_COARSE_LOCATION
ADDED from XUL5\ScenePlayer\AndroidManifest.xml:5:5-81
	android:name
		ADDED from XUL5\ScenePlayer\AndroidManifest.xml:5:22-78
uses-permission#android.permission.WRITE_EXTERNAL_STORAGE
ADDED from XUL5\ScenePlayer\AndroidManifest.xml:6:5-81
	android:name
		ADDED from XUL5\ScenePlayer\AndroidManifest.xml:6:22-78
uses-permission#android.permission.RECORD_AUDIO
ADDED from XUL5\ScenePlayer\AndroidManifest.xml:7:5-71
	android:name
		ADDED from XUL5\ScenePlayer\AndroidManifest.xml:7:22-68
uses-permission#android.permission.INTERNET
ADDED from XUL5\ScenePlayer\AndroidManifest.xml:8:5-67
	android:name
		ADDED from XUL5\ScenePlayer\AndroidManifest.xml:8:22-64
uses-permission#android.permission.READ_PHONE_STATE
ADDED from XUL5\ScenePlayer\AndroidManifest.xml:9:5-75
	android:name
		ADDED from XUL5\ScenePlayer\AndroidManifest.xml:9:22-72
supports-screens
ADDED from XUL5\ScenePlayer\AndroidManifest.xml:11:5-54
	android:smallScreens
		ADDED from XUL5\ScenePlayer\AndroidManifest.xml:11:23-51
application
ADDED from XUL5\ScenePlayer\AndroidManifest.xml:13:5-61:19
MERGED from [org.puredata.android:PdCore:1.0.1] AndroidManifest.xml:11:5-13:19
MERGED from [com.android.support:support-v4:23.3.0] AndroidManifest.xml:22:5-20
MERGED from [com.android.support:appcompat-v7:23.3.0] AndroidManifest.xml:25:5-20
MERGED from [com.android.support:support-vector-drawable:23.3.0] AndroidManifest.xml:7:5-20
MERGED from [com.android.support:support-v4:23.3.0] AndroidManifest.xml:22:5-20
MERGED from [com.android.support:animated-vector-drawable:23.3.0] AndroidManifest.xml:7:5-20
MERGED from [com.android.support:support-vector-drawable:23.3.0] AndroidManifest.xml:7:5-20
MERGED from [com.android.support:support-v4:23.3.0] AndroidManifest.xml:22:5-20
MERGED from [com.android.support:support-v4:23.3.0] AndroidManifest.xml:22:5-20
	android:label
		ADDED from XUL5\ScenePlayer\AndroidManifest.xml:16:9-41
	android:allowBackup
		ADDED from XUL5\ScenePlayer\AndroidManifest.xml:14:9-35
	android:icon
		ADDED from XUL5\ScenePlayer\AndroidManifest.xml:15:9-45
	android:theme
		ADDED from XUL5\ScenePlayer\AndroidManifest.xml:17:9-67
activity#org.puredata.android.scenes.SceneTabs
ADDED from XUL5\ScenePlayer\AndroidManifest.xml:18:9-35:20
	android:screenOrientation
		ADDED from XUL5\ScenePlayer\AndroidManifest.xml:21:13-49
	android:label
		ADDED from XUL5\ScenePlayer\AndroidManifest.xml:19:13-45
	android:name
		ADDED from XUL5\ScenePlayer\AndroidManifest.xml:20:13-38
intent-filter#android.intent.action.MAIN+android.intent.category.LAUNCHER
ADDED from XUL5\ScenePlayer\AndroidManifest.xml:22:13-26:29
action#android.intent.action.MAIN
ADDED from XUL5\ScenePlayer\AndroidManifest.xml:23:17-69
	android:name
		ADDED from XUL5\ScenePlayer\AndroidManifest.xml:23:25-66
category#android.intent.category.LAUNCHER
ADDED from XUL5\ScenePlayer\AndroidManifest.xml:25:17-77
	android:name
		ADDED from XUL5\ScenePlayer\AndroidManifest.xml:25:27-74
intent-filter#android.intent.action.VIEW+android.intent.category.BROWSABLE+android.intent.category.DEFAULT
ADDED from XUL5\ScenePlayer\AndroidManifest.xml:27:13-34:29
action#android.intent.action.VIEW
ADDED from XUL5\ScenePlayer\AndroidManifest.xml:28:17-69
	android:name
		ADDED from XUL5\ScenePlayer\AndroidManifest.xml:28:25-66
category#android.intent.category.DEFAULT
ADDED from XUL5\ScenePlayer\AndroidManifest.xml:30:17-76
	android:name
		ADDED from XUL5\ScenePlayer\AndroidManifest.xml:30:27-73
category#android.intent.category.BROWSABLE
ADDED from XUL5\ScenePlayer\AndroidManifest.xml:31:17-78
	android:name
		ADDED from XUL5\ScenePlayer\AndroidManifest.xml:31:27-75
data
ADDED from XUL5\ScenePlayer\AndroidManifest.xml:33:17-47
	android:scheme
		ADDED from XUL5\ScenePlayer\AndroidManifest.xml:33:23-44
activity#org.puredata.android.scenes.SceneSelection
ADDED from XUL5\ScenePlayer\AndroidManifest.xml:36:9-39:52
	android:screenOrientation
		ADDED from XUL5\ScenePlayer\AndroidManifest.xml:39:13-49
	android:label
		ADDED from XUL5\ScenePlayer\AndroidManifest.xml:37:13-45
	android:name
		ADDED from XUL5\ScenePlayer\AndroidManifest.xml:38:13-43
activity#org.puredata.android.scenes.RecordingSelection
ADDED from XUL5\ScenePlayer\AndroidManifest.xml:40:9-43:52
	android:screenOrientation
		ADDED from XUL5\ScenePlayer\AndroidManifest.xml:43:13-49
	android:label
		ADDED from XUL5\ScenePlayer\AndroidManifest.xml:41:13-45
	android:name
		ADDED from XUL5\ScenePlayer\AndroidManifest.xml:42:13-47
activity#org.puredata.android.scenes.RecordingPlayer
ADDED from XUL5\ScenePlayer\AndroidManifest.xml:44:9-48:69
	android:screenOrientation
		ADDED from XUL5\ScenePlayer\AndroidManifest.xml:47:13-49
	android:label
		ADDED from XUL5\ScenePlayer\AndroidManifest.xml:45:13-45
	android:theme
		ADDED from XUL5\ScenePlayer\AndroidManifest.xml:48:13-66
	android:name
		ADDED from XUL5\ScenePlayer\AndroidManifest.xml:46:13-44
activity#com.lamerman.FileDialog
ADDED from XUL5\ScenePlayer\AndroidManifest.xml:49:9-52:52
	android:screenOrientation
		ADDED from XUL5\ScenePlayer\AndroidManifest.xml:52:13-49
	android:label
		ADDED from XUL5\ScenePlayer\AndroidManifest.xml:50:13-40
	android:name
		ADDED from XUL5\ScenePlayer\AndroidManifest.xml:51:13-51
activity#org.puredata.android.scenes.ScenePlayer
ADDED from XUL5\ScenePlayer\AndroidManifest.xml:53:9-58:69
	android:screenOrientation
		ADDED from XUL5\ScenePlayer\AndroidManifest.xml:57:13-49
	android:label
		ADDED from XUL5\ScenePlayer\AndroidManifest.xml:54:13-45
	android:launchMode
		ADDED from XUL5\ScenePlayer\AndroidManifest.xml:55:13-44
	android:theme
		ADDED from XUL5\ScenePlayer\AndroidManifest.xml:58:13-66
	android:name
		ADDED from XUL5\ScenePlayer\AndroidManifest.xml:56:13-40
service#org.puredata.android.service.PdService
ADDED from XUL5\ScenePlayer\AndroidManifest.xml:60:9-74
	android:name
		ADDED from XUL5\ScenePlayer\AndroidManifest.xml:60:18-71
uses-sdk
INJECTED from XUL5\ScenePlayer\AndroidManifest.xml reason: use-sdk injection requested
MERGED from [org.puredata.android:PdCore:1.0.1] AndroidManifest.xml:7:5-9:41
MERGED from [com.noisepages.nettoyeur:midi:1.0.0-rc1] AndroidManifest.xml:7:5-9:40
MERGED from [com.android.support:support-v4:23.3.0] AndroidManifest.xml:20:5-43
MERGED from [com.android.support:appcompat-v7:23.3.0] AndroidManifest.xml:21:5-23:78
MERGED from [com.android.support:support-vector-drawable:23.3.0] AndroidManifest.xml:5:5-43
MERGED from [com.android.support:support-v4:23.3.0] AndroidManifest.xml:20:5-43
MERGED from [com.android.support:animated-vector-drawable:23.3.0] AndroidManifest.xml:5:5-44
MERGED from [com.android.support:support-vector-drawable:23.3.0] AndroidManifest.xml:5:5-43
MERGED from [com.android.support:support-v4:23.3.0] AndroidManifest.xml:20:5-43
MERGED from [com.android.support:support-v4:23.3.0] AndroidManifest.xml:20:5-43
	tools:overrideLibrary
		ADDED from [com.android.support:appcompat-v7:23.3.0] AndroidManifest.xml:23:9-75
	android:targetSdkVersion
		INJECTED from XUL5\ScenePlayer\AndroidManifest.xml
		INJECTED from XUL5\ScenePlayer\AndroidManifest.xml
	android:minSdkVersion
		INJECTED from XUL5\ScenePlayer\AndroidManifest.xml
		INJECTED from XUL5\ScenePlayer\AndroidManifest.xml
activity#org.puredata.android.service.MainActivity
ADDED from [org.puredata.android:PdCore:1.0.1] AndroidManifest.xml:12:9-78
	android:name
		ADDED from [org.puredata.android:PdCore:1.0.1] AndroidManifest.xml:12:19-75